This file contains any messages produced by compilers while
running configure, to aid debugging if configure makes a mistake.

It was created by ActionMask configure 0.0.1, which was
generated by GNU Autoconf 2.69.  Invocation command line was

  $ ./configure 

## --------- ##
## Platform. ##
## --------- ##

hostname = m4.iot.kr
uname -m = x86_64
uname -r = 3.10.0-862.el7.x86_64
uname -s = Linux
uname -v = #1 SMP Fri Apr 20 16:44:24 UTC 2018

/usr/bin/uname -p = x86_64
/bin/uname -X     = unknown

/bin/arch              = x86_64
/usr/bin/arch -k       = unknown
/usr/convex/getsysinfo = unknown
/usr/bin/hostinfo      = unknown
/bin/machine           = unknown
/usr/bin/oslevel       = unknown
/bin/universe          = unknown

PATH: /usr/lib64/qt-3.3/bin
PATH: /root/perl5/bin
PATH: /usr/local/sbin
PATH: /usr/local/bin
PATH: /usr/sbin
PATH: /usr/bin
PATH: /root/bin
PATH: .


## ----------- ##
## Core tests. ##
## ----------- ##

configure:1944: checking for a BSD-compatible install
configure:2012: result: /usr/bin/install -c
configure:2023: checking whether build environment is sane
configure:2078: result: yes
configure:2229: checking for a thread-safe mkdir -p
configure:2268: result: /usr/bin/mkdir -p
configure:2275: checking for gawk
configure:2291: found /usr/bin/gawk
configure:2302: result: gawk
configure:2313: checking whether make sets $(MAKE)
configure:2335: result: yes
configure:2364: checking whether make supports nested variables
configure:2381: result: yes
configure:2515: checking for gcc
configure:2531: found /usr/bin/gcc
configure:2542: result: gcc
configure:2771: checking for C compiler version
configure:2780: gcc --version >&5
gcc (GCC) 4.8.5 20150623 (Red Hat 4.8.5-28)
Copyright (C) 2015 Free Software Foundation, Inc.
This is free software; see the source for copying conditions.  There is NO
warranty; not even for MERCHANTABILITY or FITNESS FOR A PARTICULAR PURPOSE.

configure:2791: $? = 0
configure:2780: gcc -v >&5
Using built-in specs.
COLLECT_GCC=gcc
COLLECT_LTO_WRAPPER=/usr/libexec/gcc/x86_64-redhat-linux/4.8.5/lto-wrapper
Target: x86_64-redhat-linux
Configured with: ../configure --prefix=/usr --mandir=/usr/share/man --infodir=/usr/share/info --with-bugurl=http://bugzilla.redhat.com/bugzilla --enable-bootstrap --enable-shared --enable-threads=posix --enable-checking=release --with-system-zlib --enable-__cxa_atexit --disable-libunwind-exceptions --enable-gnu-unique-object --enable-linker-build-id --with-linker-hash-style=gnu --enable-languages=c,c++,objc,obj-c++,java,fortran,ada,go,lto --enable-plugin --enable-initfini-array --disable-libgcj --with-isl=/builddir/build/BUILD/gcc-4.8.5-20150702/obj-x86_64-redhat-linux/isl-install --with-cloog=/builddir/build/BUILD/gcc-4.8.5-20150702/obj-x86_64-redhat-linux/cloog-install --enable-gnu-indirect-function --with-tune=generic --with-arch_32=x86-64 --build=x86_64-redhat-linux
Thread model: posix
gcc version 4.8.5 20150623 (Red Hat 4.8.5-28) (GCC) 
configure:2791: $? = 0
configure:2780: gcc -V >&5
gcc: error: unrecognized command line option '-V'
gcc: fatal error: no input files
compilation terminated.
configure:2791: $? = 4
configure:2780: gcc -qversion >&5
gcc: error: unrecognized command line option '-qversion'
gcc: fatal error: no input files
compilation terminated.
configure:2791: $? = 4
configure:2811: checking whether the C compiler works
configure:2833: gcc    conftest.c  >&5
configure:2837: $? = 0
configure:2885: result: yes
configure:2888: checking for C compiler default output file name
configure:2890: result: a.out
configure:2896: checking for suffix of executables
configure:2903: gcc -o conftest    conftest.c  >&5
configure:2907: $? = 0
configure:2929: result: 
configure:2951: checking whether we are cross compiling
configure:2959: gcc -o conftest    conftest.c  >&5
configure:2963: $? = 0
configure:2970: ./conftest
configure:2974: $? = 0
configure:2989: result: no
configure:2994: checking for suffix of object files
configure:3016: gcc -c   conftest.c >&5
configure:3020: $? = 0
configure:3041: result: o
configure:3045: checking whether we are using the GNU C compiler
configure:3064: gcc -c   conftest.c >&5
configure:3064: $? = 0
configure:3073: result: yes
configure:3082: checking whether gcc accepts -g
configure:3102: gcc -c -g  conftest.c >&5
configure:3102: $? = 0
configure:3143: result: yes
configure:3160: checking for gcc option to accept ISO C89
configure:3223: gcc  -c -g -O2  conftest.c >&5
configure:3223: $? = 0
configure:3236: result: none needed
configure:3267: checking for style of include used by make
configure:3295: result: GNU
configure:3321: checking dependency style of gcc
configure:3432: result: gcc3
configure:3449: checking for sin in -lm
configure:3474: gcc -o conftest -g -O2   conftest.c -lm   >&5
conftest.c:18:6: warning: conflicting types for built-in function 'sin' [enabled by default]
 char sin ();
      ^
configure:3474: $? = 0
configure:3483: result: yes
configure:3497: checking for setlocale
configure:3497: gcc -o conftest -g -O2   conftest.c -lm  >&5
configure:3497: $? = 0
configure:3497: result: yes
configure:3655: checking that generated files are newer than configure
configure:3661: result: done
configure:3684: creating ./config.status

## ---------------------- ##
## Running config.status. ##
## ---------------------- ##

This file was extended by ActionMask config.status 0.0.1, which was
generated by GNU Autoconf 2.69.  Invocation command line was

  CONFIG_FILES    = 
  CONFIG_HEADERS  = 
  CONFIG_LINKS    = 
  CONFIG_COMMANDS = 
  $ ./config.status 

on m4.iot.kr

config.status:772: creating Makefile
config.status:944: executing depfiles commands

## ---------------- ##
## Cache variables. ##
## ---------------- ##

ac_cv_c_compiler_gnu=yes
ac_cv_env_CC_set=
ac_cv_env_CC_value=
ac_cv_env_CFLAGS_set=
ac_cv_env_CFLAGS_value=
ac_cv_env_CPPFLAGS_set=
ac_cv_env_CPPFLAGS_value=
ac_cv_env_LDFLAGS_set=
ac_cv_env_LDFLAGS_value=
ac_cv_env_LIBS_set=
ac_cv_env_LIBS_value=
ac_cv_env_build_alias_set=
ac_cv_env_build_alias_value=
ac_cv_env_host_alias_set=
ac_cv_env_host_alias_value=
ac_cv_env_target_alias_set=
ac_cv_env_target_alias_value=
ac_cv_func_setlocale=yes
ac_cv_lib_m_sin=yes
ac_cv_objext=o
ac_cv_path_install='/usr/bin/install -c'
ac_cv_path_mkdir=/usr/bin/mkdir
ac_cv_prog_AWK=gawk
ac_cv_prog_ac_ct_CC=gcc
ac_cv_prog_cc_c89=
ac_cv_prog_cc_g=yes
ac_cv_prog_make_make_set=yes
am_cv_CC_dependencies_compiler_type=gcc3
am_cv_make_support_nested_variables=yes

## ----------------- ##
## Output variables. ##
## ----------------- ##

ACLOCAL='${SHELL} /root/ActionProject/work/missing aclocal-1.13'
AMDEPBACKSLASH='\'
AMDEP_FALSE='#'
AMDEP_TRUE=''
AMTAR='$${TAR-tar}'
AM_BACKSLASH='\'
AM_DEFAULT_V='$(AM_DEFAULT_VERBOSITY)'
AM_DEFAULT_VERBOSITY='1'
AM_V='$(V)'
AUTOCONF='${SHELL} /root/ActionProject/work/missing autoconf'
AUTOHEADER='${SHELL} /root/ActionProject/work/missing autoheader'
AUTOMAKE='${SHELL} /root/ActionProject/work/missing automake-1.13'
AWK='gawk'
CC='gcc'
CCDEPMODE='depmode=gcc3'
CFLAGS='-g -O2'
CPPFLAGS=''
CYGPATH_W='echo'
DEFS='-DPACKAGE_NAME=\"ActionMask\" -DPACKAGE_TARNAME=\"actionmask\" -DPACKAGE_VERSION=\"0.0.1\" -DPACKAGE_STRING=\"ActionMask\ 0.0.1\" -DPACKAGE_BUGREPORT=\"faithbae41@gmail.com\" -DPACKAGE_URL=\"\" -DPACKAGE=\"ActionMask\" -DVERSION=\"0.0.1\" -DHAVE_LIBM=1 -DHAVE_SETLOCALE=1'
DEPDIR='.deps'
ECHO_C=''
ECHO_N='-n'
ECHO_T=''
EXEEXT=''
INSTALL_DATA='${INSTALL} -m 644'
INSTALL_PROGRAM='${INSTALL}'
INSTALL_SCRIPT='${INSTALL}'
INSTALL_STRIP_PROGRAM='$(install_sh) -c -s'
LDFLAGS=''
LIBOBJS=''
LIBS='-lm '
LTLIBOBJS=''
MAKEINFO='${SHELL} /root/ActionProject/work/missing makeinfo'
MKDIR_P='/usr/bin/mkdir -p'
OBJEXT='o'
PACKAGE='ActionMask'
PACKAGE_BUGREPORT='faithbae41@gmail.com'
PACKAGE_NAME='ActionMask'
PACKAGE_STRING='ActionMask 0.0.1'
PACKAGE_TARNAME='actionmask'
PACKAGE_URL=''
PACKAGE_VERSION='0.0.1'
PATH_SEPARATOR=':'
SET_MAKE=''
SHELL='/bin/sh'
STRIP=''
VERSION='0.0.1'
ac_ct_CC='gcc'
am__EXEEXT_FALSE=''
am__EXEEXT_TRUE='#'
am__fastdepCC_FALSE='#'
am__fastdepCC_TRUE=''
am__include='include'
am__isrc=''
am__leading_dot='.'
am__nodep='_no'
am__quote=''
am__tar='$${TAR-tar} chof - "$$tardir"'
am__untar='$${TAR-tar} xf -'
bindir='${exec_prefix}/bin'
build_alias=''
datadir='${datarootdir}'
datarootdir='${prefix}/share'
docdir='${datarootdir}/doc/${PACKAGE_TARNAME}'
dvidir='${docdir}'
exec_prefix='${prefix}'
host_alias=''
htmldir='${docdir}'
includedir='${prefix}/include'
infodir='${datarootdir}/info'
install_sh='${SHELL} /root/ActionProject/work/install-sh'
libdir='${exec_prefix}/lib'
libexecdir='${exec_prefix}/libexec'
localedir='${datarootdir}/locale'
localstatedir='${prefix}/var'
mandir='${datarootdir}/man'
mkdir_p='$(MKDIR_P)'
oldincludedir='/usr/include'
pdfdir='${docdir}'
prefix='/usr/local'
program_transform_name='s,x,x,'
psdir='${docdir}'
sbindir='${exec_prefix}/sbin'
sharedstatedir='${prefix}/com'
sysconfdir='${prefix}/etc'
target_alias=''

## ----------- ##
## confdefs.h. ##
## ----------- ##

/* confdefs.h */
#define PACKAGE_NAME "ActionMask"
#define PACKAGE_TARNAME "actionmask"
#define PACKAGE_VERSION "0.0.1"
#define PACKAGE_STRING "ActionMask 0.0.1"
#define PACKAGE_BUGREPORT "faithbae41@gmail.com"
#define PACKAGE_URL ""
#define PACKAGE "ActionMask"
#define VERSION "0.0.1"
#define HAVE_LIBM 1
#define HAVE_SETLOCALE 1

configure: exit 0
